<?xml version="1.0" encoding="UTF-8" ?>
<testsuite tests="38" failures="0" name="runAllTest.RunCukeTest" time="0.01" errors="0" skipped="0">
  <properties>
[...]
</properties>
  <testcase classname="Scenario: Should verify vehicle registrations  make and colour" name="Given I have vehicle registrations in a file of type &quot;CSV&quot; with filename &quot;vr.csv&quot; including corresponding expected make and colour" time="0.003"/>
  <testcase classname="Scenario: Should verify vehicle registrations  make and colour" name="When I choose to verify the registrations with the dlva" time="0"/>
  <testcase classname="Scenario: Should verify vehicle registrations  make and colour" name="Then there should be no errors" time="0"/>
  <testcase classname="Scenario: Should verify vehicle registrations  make and colour" name="Scenario: Should verify vehicle registrations  make and colour" time="0.001"/>
  <testcase classname="| LS05FXG | Black | Volkswagen |" name="Given I am on the vehicle registration home page" time="0"/>
  <testcase classname="| LS05FXG | Black | Volkswagen |" name="When I enter my registration details as &quot;LS05FXG&quot;" time="0"/>
  <testcase classname="| LS05FXG | Black | Volkswagen |" name="Then The colour is &quot;Black&quot;" time="0"/>
  <testcase classname="| LS05FXG | Black | Volkswagen |" name="And The make is &quot;Volkswagen&quot;" time="0"/>
  <testcase classname="| LS05FXG | Black | Volkswagen |" name="| LS05FXG | Black | Volkswagen |" time="0.001"/>
  <testcase classname="| GY06FLE | Blue | Mercedes |" name="Given I am on the vehicle registration home page" time="0"/>
  <testcase classname="| GY06FLE | Blue | Mercedes |" name="When I enter my registration details as &quot;GY06FLE&quot;" time="0"/>
  <testcase classname="| GY06FLE | Blue | Mercedes |" name="Then The colour is &quot;Blue&quot;" time="0"/>
  <testcase classname="| GY06FLE | Blue | Mercedes |" name="And The make is &quot;Mercedes&quot;" time="0"/>
  <testcase classname="| GY06FLE | Blue | Mercedes |" name="| GY06FLE | Blue | Mercedes |" time="0"/>
  <testcase classname="| HY08VGJ | Black | Ford |" name="Given I am on the vehicle registration home page" time="0"/>
  <testcase classname="| HY08VGJ | Black | Ford |" name="When I enter my registration details as &quot;HY08VGJ&quot;" time="0"/>
  <testcase classname="| HY08VGJ | Black | Ford |" name="Then The colour is &quot;Black&quot;" time="0"/>
  <testcase classname="| HY08VGJ | Black | Ford |" name="And The make is &quot;Ford&quot;" time="0"/>
  <testcase classname="| HY08VGJ | Black | Ford |" name="| HY08VGJ | Black | Ford |" time="0"/>
  <testcase classname="| LT09UEL | Silver | Ford |" name="Given I am on the vehicle registration home page" time="0"/>
  <testcase classname="| LT09UEL | Silver | Ford |" name="When I enter my registration details as &quot;LT09UEL&quot;" time="0"/>
  <testcase classname="| LT09UEL | Silver | Ford |" name="Then The colour is &quot;Silver&quot;" time="0.001"/>
  <testcase classname="| LT09UEL | Silver | Ford |" name="And The make is &quot;Ford&quot;" time="0"/>
  <testcase classname="| LT09UEL | Silver | Ford |" name="| LT09UEL | Silver | Ford |" time="0"/>
  <testcase classname="| VE10TKY | Grey | Volkswagen |" name="Given I am on the vehicle registration home page" time="0"/>
  <testcase classname="| VE10TKY | Grey | Volkswagen |" name="When I enter my registration details as &quot;VE10TKY&quot;" time="0"/>
  <testcase classname="| VE10TKY | Grey | Volkswagen |" name="Then The colour is &quot;Grey&quot;" time="0"/>
  <testcase classname="| VE10TKY | Grey | Volkswagen |" name="And The make is &quot;Volkswagen&quot;" time="0"/>
  <testcase classname="| VE10TKY | Grey | Volkswagen |" name="| VE10TKY | Grey | Volkswagen |" time="0"/>
  <testcase classname="| LS06FXH | Silver | Toyota |" name="Given I am on the vehicle registration home page" time="0.001"/>
  <testcase classname="| LS06FXH | Silver | Toyota |" name="When I enter my registration details as &quot;LS06FXH&quot;" time="0.001"/>
  <testcase classname="| LS06FXH | Silver | Toyota |" name="Then The colour is &quot;Silver&quot;" time="0"/>
  <testcase classname="| LS06FXH | Silver | Toyota |" name="And The make is &quot;Toyota&quot;" time="0"/>
  <testcase classname="| LS06FXH | Silver | Toyota |" name="| LS06FXH | Silver | Toyota |" time="0.002"/>
  <testcase classname="| CU57ABC | Vehicle details could not be found |" name="Given I am on the vehicle registration home page" time="0"/>
  <testcase classname="| CU57ABC | Vehicle details could not be found |" name="When I enter my registration details as &quot;CU57ABC&quot;" time="0"/>
  <testcase classname="| CU57ABC | Vehicle details could not be found |" name="Then I should get an error message &quot;Vehicle details could not be found&quot;" time="0"/>
  <testcase classname="| CU57ABC | Vehicle details could not be found |" name="| CU57ABC | Vehicle details could not be found |" time="0"/>
</testsuite>